[02:24:26] [ServerMain/INFO]: Environment: Environment[sessionHost=https://sessionserver.mojang.com, servicesHost=https://api.minecraftservices.com, name=PROD]
[02:24:28] [ServerMain/INFO]: Loaded 1174 recipes
[02:24:28] [ServerMain/INFO]: Loaded 1271 advancements
[02:24:28] [Server thread/INFO]: Starting minecraft server version 1.20.4
[02:24:28] [Server thread/INFO]: Loading properties
[02:24:28] [Server thread/INFO]: This server is running Paper version git-Paper-497 (MC: 1.20.4) (Implementing API version 1.20.4-R0.1-SNAPSHOT) (Git: d8d54d9 on ver/1.20.4)
[02:24:29] [Server thread/INFO]: Server Ping Player Sample Count: 12
[02:24:29] [Server thread/INFO]: Using 4 threads for Netty based IO
[02:24:29] [Server thread/WARN]: [!] The timings profiler has been enabled but has been scheduled for removal from Paper in the future.
    We recommend installing the spark profiler as a replacement: https://spark.lucko.me/
    For more information please visit: https://github.com/PaperMC/Paper/issues/8948
[02:24:29] [Server thread/INFO]: [ChunkTaskScheduler] Chunk system is using 1 I/O threads, 1 worker threads, and gen parallelism of 1 threads
[02:24:30] [Server thread/INFO]: Default game type: SURVIVAL
[02:24:30] [Server thread/INFO]: Generating keypair
[02:24:30] [Server thread/INFO]: Starting Minecraft server on *:25565
[02:24:30] [Server thread/INFO]: Using epoll channel type
[02:24:30] [Server thread/INFO]: Paper: Using libdeflate (Linux x86_64) compression from Velocity.
[02:24:30] [Server thread/INFO]: Paper: Using OpenSSL 1.1.x (Linux x86_64) cipher from Velocity.
[02:24:30] [Server thread/INFO]: Server permissions file permissions.yml is empty, ignoring it
[02:24:30] [Server thread/WARN]: **** SERVER IS RUNNING IN OFFLINE/INSECURE MODE!
[02:24:30] [Server thread/WARN]: The server will make no attempt to authenticate usernames. Beware.
[02:24:30] [Server thread/WARN]: While this makes the game possible to play without internet access, it also opens up the ability for hackers to connect with any username they choose.
[02:24:30] [Server thread/WARN]: To change this, set "online-mode" to "true" in the server.properties file.
[02:24:30] [Server thread/INFO]: Preparing level "world"
[02:24:30] [Server thread/INFO]: Preparing start region for dimension minecraft:overworld
[02:24:31] [Server thread/INFO]: Time elapsed: 274 ms
[02:24:31] [Server thread/INFO]: Preparing start region for dimension minecraft:the_nether
[02:24:31] [Server thread/INFO]: Time elapsed: 146 ms
[02:24:31] [Server thread/INFO]: Preparing start region for dimension minecraft:the_end
[02:24:31] [Server thread/INFO]: Time elapsed: 67 ms
[02:24:31] [Server thread/INFO]: Running delayed init tasks
[02:24:31] [Server thread/INFO]: Done (2.974s)! For help, type "help"
[02:24:31] [Server thread/INFO]: Timings Reset
[02:24:31] [Server thread/INFO]: Unknown command. Type "/help" for help.
